#
# A fatal error has been detected by the Java Runtime Environment:
#
#  EXCEPTION_ACCESS_VIOLATION (0xc0000005) at pc=0x000000007110b5db, pid=6640, tid=6564
#
# JRE version: Java(TM) SE Runtime Environment (14.0.2+12) (build 14.0.2+12-46)
# Java VM: Java HotSpot(TM) 64-Bit Server VM (14.0.2+12-46, mixed mode, sharing, tiered, compressed oops, g1 gc, windows-amd64)
# Problematic frame:
# C  [jSSC-2.8_x86_64.dll+0xb5db]
#
# No core dump will be written. Minidumps are not enabled by default on client versions of Windows
#
# If you would like to submit a bug report, please visit:
#   https://bugreport.java.com/bugreport/crash.jsp
# The crash happened outside the Java Virtual Machine in native code.
# See problematic frame for where to report the bug.
#

---------------  S U M M A R Y ------------

Command Line: -Dfile.encoding=Cp1252 -XX:+ShowCodeDetailsInExceptionMessages main.java.principal.Main

Host: Intel(R) Core(TM) i3 CPU         530  @ 2.93GHz, 4 cores, 7G,  Windows 10 , 64 bit Build 19041 (10.0.19041.804)
Time: Thu Apr  1 11:08:31 2021 Hora oficial do Brasil elapsed time: 6 seconds (0d 0h 0m 6s)

---------------  T H R E A D  ---------------

Current thread (0x000001feb4156800):  JavaThread "AWT-EventQueue-0" [_thread_in_native, id=6564, stack(0x0000007ce5400000,0x0000007ce5500000)]

Stack: [0x0000007ce5400000,0x0000007ce5500000],  sp=0x0000007ce54fe1c0,  free space=1016k
Native frames: (J=compiled Java code, j=interpreted, Vv=VM code, C=native code)
C  [jSSC-2.8_x86_64.dll+0xb5db]

Java frames: (J=compiled Java code, j=interpreted, Vv=VM code)
j  jssc.SerialNativeInterface.openPort(Ljava/lang/String;Z)J+0
j  jssc.SerialPort.openPort()Z+65
j  main.java.controller.ConexaoArduino.iniciar()Z+19
j  main.java.gui.TelaPadrao.abrirConexao()V+47
j  main.java.gui.TelaPadrao$1.actionPerformed(Ljava/awt/event/ActionEvent;)V+4
j  javax.swing.AbstractButton.fireActionPerformed(Ljava/awt/event/ActionEvent;)V+84 java.desktop@14.0.2
j  javax.swing.AbstractButton$Handler.actionPerformed(Ljava/awt/event/ActionEvent;)V+5 java.desktop@14.0.2
j  javax.swing.DefaultButtonModel.fireActionPerformed(Ljava/awt/event/ActionEvent;)V+34 java.desktop@14.0.2
j  javax.swing.DefaultButtonModel.setPressed(Z)V+117 java.desktop@14.0.2
j  javax.swing.plaf.basic.BasicButtonListener.mouseReleased(Ljava/awt/event/MouseEvent;)V+35 java.desktop@14.0.2
j  java.awt.Component.processMouseEvent(Ljava/awt/event/MouseEvent;)V+64 java.desktop@14.0.2
j  javax.swing.JComponent.processMouseEvent(Ljava/awt/event/MouseEvent;)V+23 java.desktop@14.0.2
j  java.awt.Component.processEvent(Ljava/awt/AWTEvent;)V+81 java.desktop@14.0.2
j  java.awt.Container.processEvent(Ljava/awt/AWTEvent;)V+18 java.desktop@14.0.2
j  java.awt.Component.dispatchEventImpl(Ljava/awt/AWTEvent;)V+496 java.desktop@14.0.2
j  java.awt.Container.dispatchEventImpl(Ljava/awt/AWTEvent;)V+42 java.desktop@14.0.2
j  java.awt.Component.dispatchEvent(Ljava/awt/AWTEvent;)V+2 java.desktop@14.0.2
j  java.awt.LightweightDispatcher.retargetMouseEvent(Ljava/awt/Component;ILjava/awt/event/MouseEvent;)V+349 java.desktop@14.0.2
j  java.awt.LightweightDispatcher.processMouseEvent(Ljava/awt/event/MouseEvent;)Z+155 java.desktop@14.0.2
j  java.awt.LightweightDispatcher.dispatchEvent(Ljava/awt/AWTEvent;)Z+50 java.desktop@14.0.2
j  java.awt.Container.dispatchEventImpl(Ljava/awt/AWTEvent;)V+12 java.desktop@14.0.2
j  java.awt.Window.dispatchEventImpl(Ljava/awt/AWTEvent;)V+19 java.desktop@14.0.2
j  java.awt.Component.dispatchEvent(Ljava/awt/AWTEvent;)V+2 java.desktop@14.0.2
j  java.awt.EventQueue.dispatchEventImpl(Ljava/awt/AWTEvent;Ljava/lang/Object;)V+41 java.desktop@14.0.2
j  java.awt.EventQueue$4.run()Ljava/lang/Void;+32 java.desktop@14.0.2
j  java.awt.EventQueue$4.run()Ljava/lang/Object;+1 java.desktop@14.0.2
J 1066 c1 java.security.ProtectionDomain$JavaSecurityAccessImpl.doIntersectionPrivilege(Ljava/security/PrivilegedAction;Ljava/security/AccessControlContext;Ljava/security/AccessControlContext;)Ljava/lang/Object; java.base@14.0.2 (22 bytes) @ 0x000001fe9c8b837c [0x000001fe9c8b7e60+0x000000000000051c]
j  java.security.ProtectionDomain$JavaSecurityAccessImpl.doIntersectionPrivilege(Ljava/security/PrivilegedAction;Ljava/security/AccessControlContext;)Ljava/lang/Object;+6 java.base@14.0.2
j  java.awt.EventQueue$5.run()Ljava/lang/Void;+11 java.desktop@14.0.2
j  java.awt.EventQueue$5.run()Ljava/lang/Object;+1 java.desktop@14.0.2
J 1066 c1 java.security.ProtectionDomain$JavaSecurityAccessImpl.doIntersectionPrivilege(Ljava/security/PrivilegedAction;Ljava/security/AccessControlContext;Ljava/security/AccessControlContext;)Ljava/lang/Object; java.base@14.0.2 (22 bytes) @ 0x000001fe9c8b837c [0x000001fe9c8b7e60+0x000000000000051c]
j  java.awt.EventQueue.dispatchEvent(Ljava/awt/AWTEvent;)V+73 java.desktop@14.0.2
j  java.awt.EventDispatchThread.pumpOneEventForFilters(I)V+78 java.desktop@14.0.2
j  java.awt.EventDispatchThread.pumpEventsForFilter(ILjava/awt/Conditional;Ljava/awt/EventFilter;)V+35 java.desktop@14.0.2
j  java.awt.EventDispatchThread.pumpEventsForHierarchy(ILjava/awt/Conditional;Ljava/awt/Component;)V+11 java.desktop@14.0.2
j  java.awt.EventDispatchThread.pumpEvents(ILjava/awt/Conditional;)V+4 java.desktop@14.0.2
j  java.awt.EventDispatchThread.pumpEvents(Ljava/awt/Conditional;)V+3 java.desktop@14.0.2
j  java.awt.EventDispatchThread.run()V+9 java.desktop@14.0.2
v  ~StubRoutines::call_stub

siginfo: EXCEPTION_ACCESS_VIOLATION (0xc0000005), reading address 0xffffffffb5866ffe


Register to memory mapping:

RIP=0x000000007110b5db jSSC-2.8_x86_64.dll
RAX=0xffffffffb5866ffe is an unknown value
RBX=0x0000007ce54fe230 is pointing into the stack for thread: 0x000001feb4156800
RCX=0x00007fff8c60cdf4 ntdll.dll
RDX=0x0 is NULL
RSP=0x0000007ce54fe1c0 is pointing into the stack for thread: 0x000001feb4156800
RBP=0x0000007ce54fe340 is pointing into the stack for thread: 0x000001feb4156800
RSI=0x000001feb4156b10 points into unknown readable memory: a0 1a 40 46 ff 7f 00 00
RDI=0x00000000000006f8 is an unknown value
R8 =0x0000007ce54fe0b8 is pointing into the stack for thread: 0x000001feb4156800
R9 =0x0000007ce54fe1b0 is pointing into the stack for thread: 0x000001feb4156800
R10=0x0 is NULL
R11=0x0000000000000246 is an unknown value
R12=0x0000007ce54fe3f8 is pointing into the stack for thread: 0x000001feb4156800
R13=0x000001feb2d685e0 points into unknown readable memory: 43 4f 4d 35 00 3e 00 00
R14=0x0000007ce54fe2f0 is pointing into the stack for thread: 0x000001feb4156800
R15=0x000001feb4156800 is a thread


Registers:
RAX=0xffffffffb5866ffe, RBX=0x0000007ce54fe230, RCX=0x00007fff8c60cdf4, RDX=0x0000000000000000
RSP=0x0000007ce54fe1c0, RBP=0x0000007ce54fe340, RSI=0x000001feb4156b10, RDI=0x00000000000006f8
R8 =0x0000007ce54fe0b8, R9 =0x0000007ce54fe1b0, R10=0x0000000000000000, R11=0x0000000000000246
R12=0x0000007ce54fe3f8, R13=0x000001feb2d685e0, R14=0x0000007ce54fe2f0, R15=0x000001feb4156800
RIP=0x000000007110b5db, EFLAGS=0x0000000000010202

Top of Stack: (sp=0x0000007ce54fe1c0)
0x0000007ce54fe1c0:   000001feb2ceed80 000001feb2d68330
0x0000007ce54fe1d0:   000000007110b230 000001fe917b0000
0x0000007ce54fe1e0:   000001fe91980000 0000000000000004
0x0000007ce54fe1f0:   000001feb4156b10 00000000000006f8
0x0000007ce54fe200:   0000007ce54fe340 0000000071112590
0x0000007ce54fe210:   000001feb4156800 0000007ce54fe2f0
0x0000007ce54fe220:   000001feb2d685e0 0000007ce54fe3f8
0x0000007ce54fe230:   000001feb2d685e0 00007fff8c5947b1
0x0000007ce54fe240:   0000007ce54fe270 000001fe917b0000
0x0000007ce54fe250:   0000007ce54fe340 0000000000000000
0x0000007ce54fe260:   0000000071113500 0000000071113be8
0x0000007ce54fe270:   0000007ce54fe2a0 0000000071112641
0x0000007ce54fe280:   0000007ce54fe210 000001feb4156b10
0x0000007ce54fe290:   0000000000000000 0000000000000000
0x0000007ce54fe2a0:   0000007ce54fe340 0000000071101595
0x0000007ce54fe2b0:   000000000000001c 000001fe00000000 

Instructions: (pc=0x000000007110b5db)
0x000000007110b4db:   48 85 c0 74 bf 44 8b 03 45 85 c0 0f 84 77 ff ff
0x000000007110b4eb:   ff eb 9f 66 90 e8 8b fe ff ff 48 89 05 0c 34 01
0x000000007110b4fb:   00 eb ad 66 90 e8 7b fe ff ff 48 89 05 fc 33 01
0x000000007110b50b:   00 eb 8b e8 8d fe ff ff c7 03 01 00 00 00 e9 6f
0x000000007110b51b:   ff ff ff 66 90 55 48 89 e5 56 53 48 83 ec 20 48
0x000000007110b52b:   8b 05 d7 33 01 00 48 8b 31 48 89 cb 48 85 c0 74
0x000000007110b53b:   56 44 8b 18 45 85 db 78 42 48 8b 05 bd 33 01 00
0x000000007110b54b:   48 85 c0 74 50 44 8b 10 45 85 d2 74 1d 48 89 f1
0x000000007110b55b:   e8 d0 fd ff ff 48 8b 13 48 8d 42 40 48 8b 48 08
0x000000007110b56b:   48 8b 6a 40 48 8b 60 10 ff e1 48 8b 05 9c 33 01
0x000000007110b57b:   00 48 85 c0 74 2d 48 89 30 eb da e8 b5 fe ff ff
0x000000007110b58b:   0f 1f 44 00 00 eb b2 e8 e9 fd ff ff 48 89 05 6a
0x000000007110b59b:   33 01 00 eb 9c e8 db fd ff ff 48 89 05 5c 33 01
0x000000007110b5ab:   00 eb a2 e8 3d fd ff ff 48 89 05 5e 33 01 00 eb
0x000000007110b5bb:   c5 0f 1f 40 00 55 57 56 53 48 83 ec 28 48 8b 05
0x000000007110b5cb:   39 33 01 00 48 89 cb 48 85 c0 0f 84 c5 00 00 00
0x000000007110b5db:   8b 38 85 ff 0f 88 ab 00 00 00 48 8b 05 1c 33 01
0x000000007110b5eb:   00 48 85 c0 0f 84 bc 00 00 00 8b 30 85 f6 74 57
0x000000007110b5fb:   48 8b 05 0e 33 01 00 48 85 c0 0f 84 e5 00 00 00
0x000000007110b60b:   8b 28 48 8b 35 10 5e 01 00 ff d6 89 c7 89 e9 ff
0x000000007110b61b:   15 f4 5e 01 00 89 f9 48 89 c5 ff 15 b9 5e 01 00
0x000000007110b62b:   48 8b 05 de 32 01 00 48 89 2b 48 85 c0 74 46 48
0x000000007110b63b:   89 da 8b 08 ff 15 d7 5e 01 00 85 c0 74 27 48 83
0x000000007110b64b:   c4 28 5b 5e 5f 5d c3 48 8b 05 bf 32 01 00 48 85
0x000000007110b65b:   c0 74 64 48 8b 10 48 89 13 48 89 18 48 83 c4 28
0x000000007110b66b:   5b 5e 5f 5d c3 48 89 f2 48 83 c4 28 5b 5e 5f 5d
0x000000007110b67b:   48 ff e2 66 90 e8 8b fc ff ff 48 89 05 84 32 01
0x000000007110b68b:   00 eb ac 66 90 e8 ab fd ff ff e9 4b ff ff ff 66
0x000000007110b69b:   0f 1f 44 00 00 e8 db fc ff ff 48 89 05 5c 32 01
0x000000007110b6ab:   00 e9 2a ff ff ff e8 ca fc ff ff 48 89 05 4b 32
0x000000007110b6bb:   01 00 e9 33 ff ff ff e8 29 fc ff ff 48 89 05 4a
0x000000007110b6cb:   32 01 00 48 8b 10 48 85 c0 48 89 13 75 8b e8 12 


Stack slot to memory mapping:
stack at sp + 0 slots: 0x000001feb2ceed80 points into unknown readable memory: 5c 00 5c 00 2e 00 5c 00
stack at sp + 1 slots: 0x000001feb2d68330 points into unknown readable memory: d0 b2 27 b4 fe 01 00 00
stack at sp + 2 slots: 0x000000007110b230 jSSC-2.8_x86_64.dll
stack at sp + 3 slots: 0x000001fe917b0000 points into unknown readable memory: 00 00 00 00 00 00 00 00
stack at sp + 4 slots: 0x000001fe91980000 points into unknown readable memory: 00 00 00 00 00 00 00 00
stack at sp + 5 slots: 0x0000000000000004 is an unknown value
stack at sp + 6 slots: 0x000001feb4156b10 points into unknown readable memory: a0 1a 40 46 ff 7f 00 00
stack at sp + 7 slots: 0x00000000000006f8 is an unknown value


---------------  P R O C E S S  ---------------

Threads class SMR info:
_java_thread_list=0x000001feb4285ea0, length=16, elements={
0x000001feb21a8000, 0x000001feb21b2000, 0x000001feb21c6800, 0x000001feb21c9800,
0x000001feb21ca800, 0x000001feb21cd000, 0x000001feb2b51000, 0x000001feb2b56800,
0x000001feb2c0d800, 0x000001feb2c19000, 0x000001feb2e9c000, 0x000001feb2ea1800,
0x000001feb2ea5000, 0x000001feb4156800, 0x000001fe939b5000, 0x000001feb4271000
}

Java Threads: ( => current thread )
  0x000001feb21a8000 JavaThread "Reference Handler" daemon [_thread_blocked, id=14764, stack(0x0000007ce4600000,0x0000007ce4700000)]
  0x000001feb21b2000 JavaThread "Finalizer" daemon [_thread_blocked, id=7968, stack(0x0000007ce4700000,0x0000007ce4800000)]
  0x000001feb21c6800 JavaThread "Signal Dispatcher" daemon [_thread_blocked, id=5736, stack(0x0000007ce4800000,0x0000007ce4900000)]
  0x000001feb21c9800 JavaThread "Attach Listener" daemon [_thread_blocked, id=6524, stack(0x0000007ce4900000,0x0000007ce4a00000)]
  0x000001feb21ca800 JavaThread "Service Thread" daemon [_thread_blocked, id=11304, stack(0x0000007ce4a00000,0x0000007ce4b00000)]
  0x000001feb21cd000 JavaThread "C2 CompilerThread0" daemon [_thread_blocked, id=7100, stack(0x0000007ce4b00000,0x0000007ce4c00000)]
  0x000001feb2b51000 JavaThread "C1 CompilerThread0" daemon [_thread_blocked, id=13012, stack(0x0000007ce4c00000,0x0000007ce4d00000)]
  0x000001feb2b56800 JavaThread "Sweeper thread" daemon [_thread_blocked, id=11940, stack(0x0000007ce4d00000,0x0000007ce4e00000)]
  0x000001feb2c0d800 JavaThread "Notification Thread" daemon [_thread_blocked, id=11052, stack(0x0000007ce4e00000,0x0000007ce4f00000)]
  0x000001feb2c19000 JavaThread "Common-Cleaner" daemon [_thread_blocked, id=13228, stack(0x0000007ce5000000,0x0000007ce5100000)]
  0x000001feb2e9c000 JavaThread "Java2D Disposer" daemon [_thread_blocked, id=9160, stack(0x0000007ce5100000,0x0000007ce5200000)]
  0x000001feb2ea1800 JavaThread "AWT-Shutdown" [_thread_blocked, id=3932, stack(0x0000007ce5200000,0x0000007ce5300000)]
  0x000001feb2ea5000 JavaThread "AWT-Windows" daemon [_thread_in_native, id=12436, stack(0x0000007ce5300000,0x0000007ce5400000)]
=>0x000001feb4156800 JavaThread "AWT-EventQueue-0" [_thread_in_native, id=6564, stack(0x0000007ce5400000,0x0000007ce5500000)]
  0x000001fe939b5000 JavaThread "DestroyJavaVM" [_thread_blocked, id=12232, stack(0x0000007ce3f00000,0x0000007ce4000000)]
  0x000001feb4271000 JavaThread "TimerQueue" daemon [_thread_blocked, id=12828, stack(0x0000007ce5900000,0x0000007ce5a00000)]

Other Threads:
  0x000001feb21a7000 VMThread "VM Thread" [stack: 0x0000007ce4500000,0x0000007ce4600000] [id=15076]
  0x000001feb2c16000 WatcherThread [stack: 0x0000007ce4f00000,0x0000007ce5000000] [id=11876]
  0x000001fe939f8800 GCTaskThread "GC Thread#0" [stack: 0x0000007ce4000000,0x0000007ce4100000] [id=12000]
  0x000001fe93a0b000 ConcurrentGCThread "G1 Main Marker" [stack: 0x0000007ce4100000,0x0000007ce4200000] [id=14228]
  0x000001fe93a0c800 ConcurrentGCThread "G1 Conc#0" [stack: 0x0000007ce4200000,0x0000007ce4300000] [id=9128]
  0x000001fe93a98000 ConcurrentGCThread "G1 Refine#0" [stack: 0x0000007ce4300000,0x0000007ce4400000] [id=11044]
  0x000001fe93a99800 ConcurrentGCThread "G1 Young RemSet Sampling" [stack: 0x0000007ce4400000,0x0000007ce4500000] [id=2248]

Threads with active compile tasks:

VM state:not at safepoint (normal execution)

VM Mutex/Monitor currently owned by a thread: None

Heap address: 0x0000000081200000, size: 2030 MB, Compressed Oops mode: 32-bit
Narrow klass base: 0x0000000800000000, Narrow klass shift: 3
Compressed class space size: 1073741824 Address: 0x0000000800b30000

Heap:
 garbage-first heap   total 131072K, used 11264K [0x0000000081200000, 0x0000000100000000)
  region size 1024K, 9 young (9216K), 0 survivors (0K)
 Metaspace       used 11224K, capacity 11495K, committed 11648K, reserved 1058816K
  class space    used 1263K, capacity 1389K, committed 1408K, reserved 1048576K
Heap Regions: E=young(eden), S=young(survivor), O=old, HS=humongous(starts), HC=humongous(continues), CS=collection set, F=free, OA=open archive, CA=closed archive, TAMS=top-at-mark-start (previous, next)
|   0|0x0000000081200000, 0x0000000081300000, 0x0000000081300000|100%|HS|  |TAMS 0x0000000081200000, 0x0000000081200000| Complete 
|   1|0x0000000081300000, 0x0000000081400000, 0x0000000081400000|100%|HC|  |TAMS 0x0000000081300000, 0x0000000081300000| Complete 
|   2|0x0000000081400000, 0x0000000081500000, 0x0000000081500000|100%|HC|  |TAMS 0x0000000081400000, 0x0000000081400000| Complete 
|   3|0x0000000081500000, 0x0000000081500000, 0x0000000081600000|  0%| F|  |TAMS 0x0000000081500000, 0x0000000081500000| Untracked 
|   4|0x0000000081600000, 0x0000000081600000, 0x0000000081700000|  0%| F|  |TAMS 0x0000000081600000, 0x0000000081600000| Untracked 
|   5|0x0000000081700000, 0x0000000081700000, 0x0000000081800000|  0%| F|  |TAMS 0x0000000081700000, 0x0000000081700000| Untracked 
|   6|0x0000000081800000, 0x0000000081800000, 0x0000000081900000|  0%| F|  |TAMS 0x0000000081800000, 0x0000000081800000| Untracked 
|   7|0x0000000081900000, 0x0000000081900000, 0x0000000081a00000|  0%| F|  |TAMS 0x0000000081900000, 0x0000000081900000| Untracked 
|   8|0x0000000081a00000, 0x0000000081a00000, 0x0000000081b00000|  0%| F|  |TAMS 0x0000000081a00000, 0x0000000081a00000| Untracked 
|   9|0x0000000081b00000, 0x0000000081b00000, 0x0000000081c00000|  0%| F|  |TAMS 0x0000000081b00000, 0x0000000081b00000| Untracked 
|  10|0x0000000081c00000, 0x0000000081c00000, 0x0000000081d00000|  0%| F|  |TAMS 0x0000000081c00000, 0x0000000081c00000| Untracked 
|  11|0x0000000081d00000, 0x0000000081d00000, 0x0000000081e00000|  0%| F|  |TAMS 0x0000000081d00000, 0x0000000081d00000| Untracked 
|  12|0x0000000081e00000, 0x0000000081e00000, 0x0000000081f00000|  0%| F|  |TAMS 0x0000000081e00000, 0x0000000081e00000| Untracked 
|  13|0x0000000081f00000, 0x0000000081f00000, 0x0000000082000000|  0%| F|  |TAMS 0x0000000081f00000, 0x0000000081f00000| Untracked 
|  14|0x0000000082000000, 0x0000000082000000, 0x0000000082100000|  0%| F|  |TAMS 0x0000000082000000, 0x0000000082000000| Untracked 
|  15|0x0000000082100000, 0x0000000082100000, 0x0000000082200000|  0%| F|  |TAMS 0x0000000082100000, 0x0000000082100000| Untracked 
|  16|0x0000000082200000, 0x0000000082200000, 0x0000000082300000|  0%| F|  |TAMS 0x0000000082200000, 0x0000000082200000| Untracked 
|  17|0x0000000082300000, 0x0000000082300000, 0x0000000082400000|  0%| F|  |TAMS 0x0000000082300000, 0x0000000082300000| Untracked 
|  18|0x0000000082400000, 0x0000000082400000, 0x0000000082500000|  0%| F|  |TAMS 0x0000000082400000, 0x0000000082400000| Untracked 
|  19|0x0000000082500000, 0x0000000082500000, 0x0000000082600000|  0%| F|  |TAMS 0x0000000082500000, 0x0000000082500000| Untracked 
|  20|0x0000000082600000, 0x0000000082600000, 0x0000000082700000|  0%| F|  |TAMS 0x0000000082600000, 0x0000000082600000| Untracked 
|  21|0x0000000082700000, 0x0000000082700000, 0x0000000082800000|  0%| F|  |TAMS 0x0000000082700000, 0x0000000082700000| Untracked 
|  22|0x0000000082800000, 0x0000000082800000, 0x0000000082900000|  0%| F|  |TAMS 0x0000000082800000, 0x0000000082800000| Untracked 
|  23|0x0000000082900000, 0x0000000082900000, 0x0000000082a00000|  0%| F|  |TAMS 0x0000000082900000, 0x0000000082900000| Untracked 
|  24|0x0000000082a00000, 0x0000000082a00000, 0x0000000082b00000|  0%| F|  |TAMS 0x0000000082a00000, 0x0000000082a00000| Untracked 
|  25|0x0000000082b00000, 0x0000000082b00000, 0x0000000082c00000|  0%| F|  |TAMS 0x0000000082b00000, 0x0000000082b00000| Untracked 
|  26|0x0000000082c00000, 0x0000000082c00000, 0x0000000082d00000|  0%| F|  |TAMS 0x0000000082c00000, 0x0000000082c00000| Untracked 
|  27|0x0000000082d00000, 0x0000000082d00000, 0x0000000082e00000|  0%| F|  |TAMS 0x0000000082d00000, 0x0000000082d00000| Untracked 
|  28|0x0000000082e00000, 0x0000000082e00000, 0x0000000082f00000|  0%| F|  |TAMS 0x0000000082e00000, 0x0000000082e00000| Untracked 
|  29|0x0000000082f00000, 0x0000000082f00000, 0x0000000083000000|  0%| F|  |TAMS 0x0000000082f00000, 0x0000000082f00000| Untracked 
|  30|0x0000000083000000, 0x0000000083000000, 0x0000000083100000|  0%| F|  |TAMS 0x0000000083000000, 0x0000000083000000| Untracked 
|  31|0x0000000083100000, 0x0000000083100000, 0x0000000083200000|  0%| F|  |TAMS 0x0000000083100000, 0x0000000083100000| Untracked 
|  32|0x0000000083200000, 0x0000000083200000, 0x0000000083300000|  0%| F|  |TAMS 0x0000000083200000, 0x0000000083200000| Untracked 
|  33|0x0000000083300000, 0x0000000083300000, 0x0000000083400000|  0%| F|  |TAMS 0x0000000083300000, 0x0000000083300000| Untracked 
|  34|0x0000000083400000, 0x0000000083400000, 0x0000000083500000|  0%| F|  |TAMS 0x0000000083400000, 0x0000000083400000| Untracked 
|  35|0x0000000083500000, 0x0000000083500000, 0x0000000083600000|  0%| F|  |TAMS 0x0000000083500000, 0x0000000083500000| Untracked 
|  36|0x0000000083600000, 0x0000000083600000, 0x0000000083700000|  0%| F|  |TAMS 0x0000000083600000, 0x0000000083600000| Untracked 
|  37|0x0000000083700000, 0x0000000083700000, 0x0000000083800000|  0%| F|  |TAMS 0x0000000083700000, 0x0000000083700000| Untracked 
|  38|0x0000000083800000, 0x0000000083800000, 0x0000000083900000|  0%| F|  |TAMS 0x0000000083800000, 0x0000000083800000| Untracked 
|  39|0x0000000083900000, 0x0000000083900000, 0x0000000083a00000|  0%| F|  |TAMS 0x0000000083900000, 0x0000000083900000| Untracked 
|  40|0x0000000083a00000, 0x0000000083a00000, 0x0000000083b00000|  0%| F|  |TAMS 0x0000000083a00000, 0x0000000083a00000| Untracked 
|  41|0x0000000083b00000, 0x0000000083b00000, 0x0000000083c00000|  0%| F|  |TAMS 0x0000000083b00000, 0x0000000083b00000| Untracked 
|  42|0x0000000083c00000, 0x0000000083c00000, 0x0000000083d00000|  0%| F|  |TAMS 0x0000000083c00000, 0x0000000083c00000| Untracked 
|  43|0x0000000083d00000, 0x0000000083d00000, 0x0000000083e00000|  0%| F|  |TAMS 0x0000000083d00000, 0x0000000083d00000| Untracked 
|  44|0x0000000083e00000, 0x0000000083e00000, 0x0000000083f00000|  0%| F|  |TAMS 0x0000000083e00000, 0x0000000083e00000| Untracked 
|  45|0x0000000083f00000, 0x0000000083f00000, 0x0000000084000000|  0%| F|  |TAMS 0x0000000083f00000, 0x0000000083f00000| Untracked 
|  46|0x0000000084000000, 0x0000000084000000, 0x0000000084100000|  0%| F|  |TAMS 0x0000000084000000, 0x0000000084000000| Untracked 
|  47|0x0000000084100000, 0x0000000084100000, 0x0000000084200000|  0%| F|  |TAMS 0x0000000084100000, 0x0000000084100000| Untracked 
|  48|0x0000000084200000, 0x0000000084200000, 0x0000000084300000|  0%| F|  |TAMS 0x0000000084200000, 0x0000000084200000| Untracked 
|  49|0x0000000084300000, 0x0000000084300000, 0x0000000084400000|  0%| F|  |TAMS 0x0000000084300000, 0x0000000084300000| Untracked 
|  50|0x0000000084400000, 0x0000000084400000, 0x0000000084500000|  0%| F|  |TAMS 0x0000000084400000, 0x0000000084400000| Untracked 
|  51|0x0000000084500000, 0x0000000084500000, 0x0000000084600000|  0%| F|  |TAMS 0x0000000084500000, 0x0000000084500000| Untracked 
|  52|0x0000000084600000, 0x0000000084600000, 0x0000000084700000|  0%| F|  |TAMS 0x0000000084600000, 0x0000000084600000| Untracked 
|  53|0x0000000084700000, 0x0000000084700000, 0x0000000084800000|  0%| F|  |TAMS 0x0000000084700000, 0x0000000084700000| Untracked 
|  54|0x0000000084800000, 0x0000000084800000, 0x0000000084900000|  0%| F|  |TAMS 0x0000000084800000, 0x0000000084800000| Untracked 
|  55|0x0000000084900000, 0x0000000084900000, 0x0000000084a00000|  0%| F|  |TAMS 0x0000000084900000, 0x0000000084900000| Untracked 
|  56|0x0000000084a00000, 0x0000000084a00000, 0x0000000084b00000|  0%| F|  |TAMS 0x0000000084a00000, 0x0000000084a00000| Untracked 
|  57|0x0000000084b00000, 0x0000000084b00000, 0x0000000084c00000|  0%| F|  |TAMS 0x0000000084b00000, 0x0000000084b00000| Untracked 
|  58|0x0000000084c00000, 0x0000000084c00000, 0x0000000084d00000|  0%| F|  |TAMS 0x0000000084c00000, 0x0000000084c00000| Untracked 
|  59|0x0000000084d00000, 0x0000000084d00000, 0x0000000084e00000|  0%| F|  |TAMS 0x0000000084d00000, 0x0000000084d00000| Untracked 
|  60|0x0000000084e00000, 0x0000000084e00000, 0x0000000084f00000|  0%| F|  |TAMS 0x0000000084e00000, 0x0000000084e00000| Untracked 
|  61|0x0000000084f00000, 0x0000000084f00000, 0x0000000085000000|  0%| F|  |TAMS 0x0000000084f00000, 0x0000000084f00000| Untracked 
|  62|0x0000000085000000, 0x0000000085000000, 0x0000000085100000|  0%| F|  |TAMS 0x0000000085000000, 0x0000000085000000| Untracked 
|  63|0x0000000085100000, 0x0000000085100000, 0x0000000085200000|  0%| F|  |TAMS 0x0000000085100000, 0x0000000085100000| Untracked 
|  64|0x0000000085200000, 0x0000000085200000, 0x0000000085300000|  0%| F|  |TAMS 0x0000000085200000, 0x0000000085200000| Untracked 
|  65|0x0000000085300000, 0x0000000085300000, 0x0000000085400000|  0%| F|  |TAMS 0x0000000085300000, 0x0000000085300000| Untracked 
|  66|0x0000000085400000, 0x0000000085400000, 0x0000000085500000|  0%| F|  |TAMS 0x0000000085400000, 0x0000000085400000| Untracked 
|  67|0x0000000085500000, 0x0000000085500000, 0x0000000085600000|  0%| F|  |TAMS 0x0000000085500000, 0x0000000085500000| Untracked 
|  68|0x0000000085600000, 0x0000000085600000, 0x0000000085700000|  0%| F|  |TAMS 0x0000000085600000, 0x0000000085600000| Untracked 
|  69|0x0000000085700000, 0x0000000085700000, 0x0000000085800000|  0%| F|  |TAMS 0x0000000085700000, 0x0000000085700000| Untracked 
|  70|0x0000000085800000, 0x0000000085800000, 0x0000000085900000|  0%| F|  |TAMS 0x0000000085800000, 0x0000000085800000| Untracked 
|  71|0x0000000085900000, 0x0000000085900000, 0x0000000085a00000|  0%| F|  |TAMS 0x0000000085900000, 0x0000000085900000| Untracked 
|  72|0x0000000085a00000, 0x0000000085a00000, 0x0000000085b00000|  0%| F|  |TAMS 0x0000000085a00000, 0x0000000085a00000| Untracked 
|  73|0x0000000085b00000, 0x0000000085b00000, 0x0000000085c00000|  0%| F|  |TAMS 0x0000000085b00000, 0x0000000085b00000| Untracked 
|  74|0x0000000085c00000, 0x0000000085c00000, 0x0000000085d00000|  0%| F|  |TAMS 0x0000000085c00000, 0x0000000085c00000| Untracked 
|  75|0x0000000085d00000, 0x0000000085d00000, 0x0000000085e00000|  0%| F|  |TAMS 0x0000000085d00000, 0x0000000085d00000| Untracked 
|  76|0x0000000085e00000, 0x0000000085e00000, 0x0000000085f00000|  0%| F|  |TAMS 0x0000000085e00000, 0x0000000085e00000| Untracked 
|  77|0x0000000085f00000, 0x0000000085f00000, 0x0000000086000000|  0%| F|  |TAMS 0x0000000085f00000, 0x0000000085f00000| Untracked 
|  78|0x0000000086000000, 0x0000000086000000, 0x0000000086100000|  0%| F|  |TAMS 0x0000000086000000, 0x0000000086000000| Untracked 
|  79|0x0000000086100000, 0x0000000086100000, 0x0000000086200000|  0%| F|  |TAMS 0x0000000086100000, 0x0000000086100000| Untracked 
|  80|0x0000000086200000, 0x0000000086200000, 0x0000000086300000|  0%| F|  |TAMS 0x0000000086200000, 0x0000000086200000| Untracked 
|  81|0x0000000086300000, 0x0000000086300000, 0x0000000086400000|  0%| F|  |TAMS 0x0000000086300000, 0x0000000086300000| Untracked 
|  82|0x0000000086400000, 0x0000000086400000, 0x0000000086500000|  0%| F|  |TAMS 0x0000000086400000, 0x0000000086400000| Untracked 
|  83|0x0000000086500000, 0x0000000086500000, 0x0000000086600000|  0%| F|  |TAMS 0x0000000086500000, 0x0000000086500000| Untracked 
|  84|0x0000000086600000, 0x0000000086600000, 0x0000000086700000|  0%| F|  |TAMS 0x0000000086600000, 0x0000000086600000| Untracked 
|  85|0x0000000086700000, 0x0000000086700000, 0x0000000086800000|  0%| F|  |TAMS 0x0000000086700000, 0x0000000086700000| Untracked 
|  86|0x0000000086800000, 0x0000000086800000, 0x0000000086900000|  0%| F|  |TAMS 0x0000000086800000, 0x0000000086800000| Untracked 
|  87|0x0000000086900000, 0x0000000086900000, 0x0000000086a00000|  0%| F|  |TAMS 0x0000000086900000, 0x0000000086900000| Untracked 
|  88|0x0000000086a00000, 0x0000000086a00000, 0x0000000086b00000|  0%| F|  |TAMS 0x0000000086a00000, 0x0000000086a00000| Untracked 
|  89|0x0000000086b00000, 0x0000000086b00000, 0x0000000086c00000|  0%| F|  |TAMS 0x0000000086b00000, 0x0000000086b00000| Untracked 
|  90|0x0000000086c00000, 0x0000000086c00000, 0x0000000086d00000|  0%| F|  |TAMS 0x0000000086c00000, 0x0000000086c00000| Untracked 
|  91|0x0000000086d00000, 0x0000000086d00000, 0x0000000086e00000|  0%| F|  |TAMS 0x0000000086d00000, 0x0000000086d00000| Untracked 
|  92|0x0000000086e00000, 0x0000000086e00000, 0x0000000086f00000|  0%| F|  |TAMS 0x0000000086e00000, 0x0000000086e00000| Untracked 
|  93|0x0000000086f00000, 0x0000000086f00000, 0x0000000087000000|  0%| F|  |TAMS 0x0000000086f00000, 0x0000000086f00000| Untracked 
|  94|0x0000000087000000, 0x0000000087000000, 0x0000000087100000|  0%| F|  |TAMS 0x0000000087000000, 0x0000000087000000| Untracked 
|  95|0x0000000087100000, 0x0000000087100000, 0x0000000087200000|  0%| F|  |TAMS 0x0000000087100000, 0x0000000087100000| Untracked 
|  96|0x0000000087200000, 0x0000000087200000, 0x0000000087300000|  0%| F|  |TAMS 0x0000000087200000, 0x0000000087200000| Untracked 
|  97|0x0000000087300000, 0x0000000087300000, 0x0000000087400000|  0%| F|  |TAMS 0x0000000087300000, 0x0000000087300000| Untracked 
|  98|0x0000000087400000, 0x0000000087400000, 0x0000000087500000|  0%| F|  |TAMS 0x0000000087400000, 0x0000000087400000| Untracked 
|  99|0x0000000087500000, 0x0000000087500000, 0x0000000087600000|  0%| F|  |TAMS 0x0000000087500000, 0x0000000087500000| Untracked 
| 100|0x0000000087600000, 0x0000000087600000, 0x0000000087700000|  0%| F|  |TAMS 0x0000000087600000, 0x0000000087600000| Untracked 
| 101|0x0000000087700000, 0x0000000087700000, 0x0000000087800000|  0%| F|  |TAMS 0x0000000087700000, 0x0000000087700000| Untracked 
| 102|0x0000000087800000, 0x0000000087800000, 0x0000000087900000|  0%| F|  |TAMS 0x0000000087800000, 0x0000000087800000| Untracked 
| 103|0x0000000087900000, 0x0000000087900000, 0x0000000087a00000|  0%| F|  |TAMS 0x0000000087900000, 0x0000000087900000| Untracked 
| 104|0x0000000087a00000, 0x0000000087a00000, 0x0000000087b00000|  0%| F|  |TAMS 0x0000000087a00000, 0x0000000087a00000| Untracked 
| 105|0x0000000087b00000, 0x0000000087b00000, 0x0000000087c00000|  0%| F|  |TAMS 0x0000000087b00000, 0x0000000087b00000| Untracked 
| 106|0x0000000087c00000, 0x0000000087c00000, 0x0000000087d00000|  0%| F|  |TAMS 0x0000000087c00000, 0x0000000087c00000| Untracked 
| 107|0x0000000087d00000, 0x0000000087d00000, 0x0000000087e00000|  0%| F|  |TAMS 0x0000000087d00000, 0x0000000087d00000| Untracked 
| 108|0x0000000087e00000, 0x0000000087e00000, 0x0000000087f00000|  0%| F|  |TAMS 0x0000000087e00000, 0x0000000087e00000| Untracked 
| 109|0x0000000087f00000, 0x0000000087f00000, 0x0000000088000000|  0%| F|  |TAMS 0x0000000087f00000, 0x0000000087f00000| Untracked 
| 110|0x0000000088000000, 0x0000000088000000, 0x0000000088100000|  0%| F|  |TAMS 0x0000000088000000, 0x0000000088000000| Untracked 
| 111|0x0000000088100000, 0x0000000088100000, 0x0000000088200000|  0%| F|  |TAMS 0x0000000088100000, 0x0000000088100000| Untracked 
| 112|0x0000000088200000, 0x0000000088200000, 0x0000000088300000|  0%| F|  |TAMS 0x0000000088200000, 0x0000000088200000| Untracked 
| 113|0x0000000088300000, 0x0000000088300000, 0x0000000088400000|  0%| F|  |TAMS 0x0000000088300000, 0x0000000088300000| Untracked 
| 114|0x0000000088400000, 0x0000000088400000, 0x0000000088500000|  0%| F|  |TAMS 0x0000000088400000, 0x0000000088400000| Untracked 
| 115|0x0000000088500000, 0x0000000088500000, 0x0000000088600000|  0%| F|  |TAMS 0x0000000088500000, 0x0000000088500000| Untracked 
| 116|0x0000000088600000, 0x0000000088600000, 0x0000000088700000|  0%| F|  |TAMS 0x0000000088600000, 0x0000000088600000| Untracked 
| 117|0x0000000088700000, 0x0000000088700000, 0x0000000088800000|  0%| F|  |TAMS 0x0000000088700000, 0x0000000088700000| Untracked 
| 118|0x0000000088800000, 0x0000000088800000, 0x0000000088900000|  0%| F|  |TAMS 0x0000000088800000, 0x0000000088800000| Untracked 
| 119|0x0000000088900000, 0x0000000088a00000, 0x0000000088a00000|100%| E|  |TAMS 0x0000000088900000, 0x0000000088900000| Complete 
| 120|0x0000000088a00000, 0x0000000088b00000, 0x0000000088b00000|100%| E|CS|TAMS 0x0000000088a00000, 0x0000000088a00000| Complete 
| 121|0x0000000088b00000, 0x0000000088c00000, 0x0000000088c00000|100%| E|CS|TAMS 0x0000000088b00000, 0x0000000088b00000| Complete 
| 122|0x0000000088c00000, 0x0000000088d00000, 0x0000000088d00000|100%| E|CS|TAMS 0x0000000088c00000, 0x0000000088c00000| Complete 
| 123|0x0000000088d00000, 0x0000000088e00000, 0x0000000088e00000|100%| E|CS|TAMS 0x0000000088d00000, 0x0000000088d00000| Complete 
| 124|0x0000000088e00000, 0x0000000088f00000, 0x0000000088f00000|100%| E|CS|TAMS 0x0000000088e00000, 0x0000000088e00000| Complete 
| 125|0x0000000088f00000, 0x0000000089000000, 0x0000000089000000|100%| E|CS|TAMS 0x0000000088f00000, 0x0000000088f00000| Complete 
| 126|0x0000000089000000, 0x0000000089100000, 0x0000000089100000|100%| E|CS|TAMS 0x0000000089000000, 0x0000000089000000| Complete 
| 127|0x0000000089100000, 0x0000000089200000, 0x0000000089200000|100%| E|CS|TAMS 0x0000000089100000, 0x0000000089100000| Complete 

Card table byte_map: [0x000001feab570000,0x000001feab970000] _byte_map_base: 0x000001feab167000

Marking Bits (Prev, Next): (CMBitMap*) 0x000001fe939fa278, (CMBitMap*) 0x000001fe939fa2b8
 Prev Bits: [0x000001feabd70000, 0x000001feadd28000)
 Next Bits: [0x000001feadd30000, 0x000001feafce8000)

Polling page: 0x000001fe931a0000

Metaspace:

Usage:
  Non-class:      9.87 MB capacity,     9.73 MB ( 99%) used,   122.20 KB (  1%) free+waste,    23.38 KB ( <1%) overhead. 
      Class:      1.36 MB capacity,     1.23 MB ( 91%) used,   110.97 KB (  8%) free+waste,    14.06 KB (  1%) overhead. 
       Both:     11.23 MB capacity,    10.96 MB ( 98%) used,   233.16 KB (  2%) free+waste,    37.44 KB ( <1%) overhead. 

Virtual space:
  Non-class space:       10.00 MB reserved,      10.00 MB (100%) committed 
      Class space:        1.00 GB reserved,       1.38 MB ( <1%) committed 
             Both:        1.01 GB reserved,      11.38 MB (  1%) committed 

Chunk freelists:
   Non-Class:  6.00 KB
       Class:  19.00 KB
        Both:  25.00 KB

MaxMetaspaceSize: 17179869184.00 GB
CompressedClassSpaceSize: 1.00 GB

CodeHeap 'non-profiled nmethods': size=120000Kb used=305Kb max_used=305Kb free=119694Kb
 bounds [0x000001fea3c40000, 0x000001fea3eb0000, 0x000001feab170000]
CodeHeap 'profiled nmethods': size=120000Kb used=1720Kb max_used=1720Kb free=118279Kb
 bounds [0x000001fe9c710000, 0x000001fe9c980000, 0x000001fea3c40000]
CodeHeap 'non-nmethods': size=5760Kb used=1299Kb max_used=1313Kb free=4460Kb
 bounds [0x000001fe9c170000, 0x000001fe9c3e0000, 0x000001fe9c710000]
 total_blobs=1685 nmethods=1087 adapters=512
 compilation: enabled
              stopped_count=0, restarted_count=0
 full_count=0

Compilation events (20 events):
Event: 6.343 Thread 0x000001feb2b51000 nmethod 1077 0x000001fe9c8bbc10 code [0x000001fe9c8bbdc0, 0x000001fe9c8bbfc8]
Event: 6.343 Thread 0x000001feb2b51000 1078       3       java.nio.ByteBuffer::<init> (14 bytes)
Event: 6.343 Thread 0x000001feb2b51000 nmethod 1078 0x000001fe9c8bc110 code [0x000001fe9c8bc2c0, 0x000001fe9c8bc428]
Event: 6.343 Thread 0x000001feb2b51000 1079       3       java.nio.MappedByteBuffer::limit (6 bytes)
Event: 6.344 Thread 0x000001feb21cd000 nmethod 1080 0x000001fea3c8b510 code [0x000001fea3c8b680, 0x000001fea3c8b718]
Event: 6.344 Thread 0x000001feb21cd000 1081   !   4       java.nio.DirectByteBuffer::get (32 bytes)
Event: 6.344 Thread 0x000001feb2b51000 nmethod 1079 0x000001fe9c8bc510 code [0x000001fe9c8bc6c0, 0x000001fe9c8bc8e8]
Event: 6.344 Thread 0x000001feb2b51000 1082       3       java.nio.DirectByteBuffer::<init> (55 bytes)
Event: 6.344 Thread 0x000001feb2b51000 nmethod 1082 0x000001fe9c8bca10 code [0x000001fe9c8bcc00, 0x000001fe9c8bd148]
Event: 6.344 Thread 0x000001feb2b51000 1083   !   3       jdk.internal.jimage.BasicImageReader::slice (32 bytes)
Event: 6.345 Thread 0x000001feb2b51000 nmethod 1083 0x000001fe9c8bd310 code [0x000001fe9c8bd4e0, 0x000001fe9c8bd9e8]
Event: 6.345 Thread 0x000001feb2b51000 1084       3       java.nio.DirectByteBufferR::<init> (21 bytes)
Event: 6.345 Thread 0x000001feb2b51000 nmethod 1084 0x000001fe9c8bdb90 code [0x000001fe9c8bdd40, 0x000001fe9c8bdea8]
Event: 6.345 Thread 0x000001feb21cd000 nmethod 1081 0x000001fea3c8b810 code [0x000001fea3c8b9a0, 0x000001fea3c8ba98]
Event: 6.347 Thread 0x000001feb2b51000 1085       1       java.net.URL::getPort (5 bytes)
Event: 6.347 Thread 0x000001feb2b51000 nmethod 1085 0x000001fea3c8bb90 code [0x000001fea3c8bd20, 0x000001fea3c8bdf8]
Event: 6.347 Thread 0x000001feb2b51000 1086       1       java.net.URL::getRef (5 bytes)
Event: 6.347 Thread 0x000001feb2b51000 nmethod 1086 0x000001fea3c8be90 code [0x000001fea3c8c020, 0x000001fea3c8c0f8]
Event: 6.348 Thread 0x000001feb2b51000 1087       3       sun.nio.fs.WindowsPathParser::isSlash (18 bytes)
Event: 6.348 Thread 0x000001feb2b51000 nmethod 1087 0x000001fe9c8bdf90 code [0x000001fe9c8be120, 0x000001fe9c8be298]

GC Heap History (0 events):
No events

Deoptimization events (20 events):
Event: 1.822 Thread 0x000001fe939b5000 DEOPT PACKING pc=0x000001fe9c80e85d sp=0x0000007ce3ffe1b0
Event: 1.822 Thread 0x000001fe939b5000 DEOPT UNPACKING pc=0x000001fe9c1b993f sp=0x0000007ce3ffd668 mode 0
Event: 1.839 Thread 0x000001fe939b5000 DEOPT PACKING pc=0x000001fe9c80e85d sp=0x0000007ce3ffe0f0
Event: 1.839 Thread 0x000001fe939b5000 DEOPT UNPACKING pc=0x000001fe9c1b993f sp=0x0000007ce3ffd5a8 mode 0
Event: 1.839 Thread 0x000001fe939b5000 DEOPT PACKING pc=0x000001fe9c80e85d sp=0x0000007ce3ffe0f0
Event: 1.839 Thread 0x000001fe939b5000 DEOPT UNPACKING pc=0x000001fe9c1b993f sp=0x0000007ce3ffd5a8 mode 0
Event: 1.851 Thread 0x000001fe939b5000 DEOPT PACKING pc=0x000001fe9c80e85d sp=0x0000007ce3ffe030
Event: 1.851 Thread 0x000001fe939b5000 DEOPT UNPACKING pc=0x000001fe9c1b993f sp=0x0000007ce3ffd4e8 mode 0
Event: 1.852 Thread 0x000001fe939b5000 DEOPT PACKING pc=0x000001fe9c80e85d sp=0x0000007ce3ffe030
Event: 1.852 Thread 0x000001fe939b5000 DEOPT UNPACKING pc=0x000001fe9c1b993f sp=0x0000007ce3ffd4e8 mode 0
Event: 1.853 Thread 0x000001fe939b5000 DEOPT PACKING pc=0x000001fe9c80e628 sp=0x0000007ce3ffe030
Event: 1.853 Thread 0x000001fe939b5000 DEOPT UNPACKING pc=0x000001fe9c1b993f sp=0x0000007ce3ffd4e8 mode 0
Event: 2.014 Thread 0x000001feb2ea5000 Uncommon trap: trap_request=0xffffffde fr.pc=0x000001fea3c63f38 relative=0x00000000000007f8
Event: 2.014 Thread 0x000001feb2ea5000 Uncommon trap: reason=class_check action=maybe_recompile pc=0x000001fea3c63f38 method=java.util.HashMap.putVal(ILjava/lang/Object;Ljava/lang/Object;ZZ)Ljava/lang/Object; @ 91 c2
Event: 2.014 Thread 0x000001feb2ea5000 DEOPT PACKING pc=0x000001fea3c63f38 sp=0x0000007ce53fe090
Event: 2.014 Thread 0x000001feb2ea5000 DEOPT UNPACKING pc=0x000001fe9c1b9429 sp=0x0000007ce53fe010 mode 2
Event: 2.014 Thread 0x000001feb2ea5000 Uncommon trap: trap_request=0xffffffde fr.pc=0x000001fea3c63f38 relative=0x00000000000007f8
Event: 2.014 Thread 0x000001feb2ea5000 Uncommon trap: reason=class_check action=maybe_recompile pc=0x000001fea3c63f38 method=java.util.HashMap.putVal(ILjava/lang/Object;Ljava/lang/Object;ZZ)Ljava/lang/Object; @ 91 c2
Event: 2.014 Thread 0x000001feb2ea5000 DEOPT PACKING pc=0x000001fea3c63f38 sp=0x0000007ce53fe090
Event: 2.014 Thread 0x000001feb2ea5000 DEOPT UNPACKING pc=0x000001fe9c1b9429 sp=0x0000007ce53fe010 mode 2

Classes unloaded (0 events):
No events

Classes redefined (0 events):
No events

Internal exceptions (17 events):
Event: 0.860 Thread 0x000001fe939b5000 Exception <a 'java/lang/ClassNotFoundException'{0x000000008901b9e8}: sun/awt/resources/spi/awtProvider> (0x000000008901b9e8) 
thrown [./open/src/hotspot/share/classfile/systemDictionary.cpp, line 226]
Event: 1.057 Thread 0x000001fe939b5000 Exception <a 'java/io/FileNotFoundException'{0x0000000089070268}> (0x0000000089070268) 
thrown [./open/src/hotspot/share/prims/jni.cpp, line 599]
Event: 1.146 Thread 0x000001fe939b5000 Exception <a 'java/io/FileNotFoundException'{0x00000000890968e0}> (0x00000000890968e0) 
thrown [./open/src/hotspot/share/prims/jni.cpp, line 599]
Event: 1.380 Thread 0x000001feb2ea5000 Exception <a 'java/lang/NoSuchMethodError'{0x0000000088fcd768}: 'void java.lang.invoke.DirectMethodHandle$Holder.invokeSpecial(java.lang.Object, java.lang.Object)'> (0x0000000088fcd768) 
thrown [./open/src/hotspot/share/interpreter/linkResolver.cpp, line 766]
Event: 1.477 Thread 0x000001fe939b5000 Exception <a 'java/lang/NoSuchMethodError'{0x0000000088e4bf78}: 'java.lang.Object java.lang.invoke.DirectMethodHandle$Holder.invokeStatic(java.lang.Object, int, java.lang.Object, java.lang.Object, java.lang.Object, java.lang.Object)'> (0x0000000088e4bf78) 
thrown [./open/src/hotspot/share/interpreter/linkResolver.cpp, line 766]
Event: 1.478 Thread 0x000001fe939b5000 Exception <a 'java/lang/NoSuchMethodError'{0x0000000088e52898}: 'java.lang.Object java.lang.invoke.DirectMethodHandle$Holder.invokeStatic(java.lang.Object, int, java.lang.Object, java.lang.Object, java.lang.Object)'> (0x0000000088e52898) 
thrown [./open/src/hotspot/share/interpreter/linkResolver.cpp, line 766]
Event: 1.479 Thread 0x000001fe939b5000 Exception <a 'java/lang/NoSuchMethodError'{0x0000000088e560e8}: 'java.lang.Object java.lang.invoke.DirectMethodHandle$Holder.invokeSpecial(java.lang.Object, java.lang.Object, int, java.lang.Object, java.lang.Object, java.lang.Object)'> (0x0000000088e560e8) 
thrown [./open/src/hotspot/share/interpreter/linkResolver.cpp, line 766]
Event: 1.489 Thread 0x000001fe939b5000 Exception <a 'java/lang/NoSuchMethodError'{0x0000000088e6c490}: 'java.lang.Object java.lang.invoke.DirectMethodHandle$Holder.invokeStatic(java.lang.Object, int, java.lang.Object)'> (0x0000000088e6c490) 
thrown [./open/src/hotspot/share/interpreter/linkResolver.cpp, line 766]
Event: 1.548 Thread 0x000001fe939b5000 Exception <a 'java/lang/ClassNotFoundException'{0x0000000088d103e0}: com/sun/swing/internal/plaf/metal/resources/spi/metalProvider> (0x0000000088d103e0) 
thrown [./open/src/hotspot/share/classfile/systemDictionary.cpp, line 226]
Event: 1.552 Thread 0x000001fe939b5000 Exception <a 'java/lang/ClassNotFoundException'{0x0000000088d14888}: com/sun/swing/internal/plaf/basic/resources/spi/basicProvider> (0x0000000088d14888) 
thrown [./open/src/hotspot/share/classfile/systemDictionary.cpp, line 226]
Event: 1.756 Thread 0x000001fe939b5000 Exception <a 'java/lang/ClassNotFoundException'{0x0000000088ce14a0}: java/lang/ObjectCustomizer> (0x0000000088ce14a0) 
thrown [./open/src/hotspot/share/classfile/systemDictionary.cpp, line 226]
Event: 1.768 Thread 0x000001fe939b5000 Exception <a 'java/lang/IncompatibleClassChangeError'{0x0000000088ce8c78}: Found class java.lang.Object, but interface was expected> (0x0000000088ce8c78) 
thrown [./open/src/hotspot/share/interpreter/linkResolver.cpp, line 832]
Event: 1.794 Thread 0x000001fe939b5000 Exception <a 'java/lang/ClassNotFoundException'{0x0000000088b20a70}: net/miginfocom/layout/UnitValueCustomizer> (0x0000000088b20a70) 
thrown [./open/src/hotspot/share/classfile/systemDictionary.cpp, line 226]
Event: 1.804 Thread 0x000001fe939b5000 Exception <a 'java/lang/ClassNotFoundException'{0x0000000088b35b68}: java/lang/ObjectCustomizer> (0x0000000088b35b68) 
thrown [./open/src/hotspot/share/classfile/systemDictionary.cpp, line 226]
Event: 1.805 Thread 0x000001fe939b5000 Exception <a 'java/lang/ClassNotFoundException'{0x0000000088b3aed8}: net/miginfocom/layout/BoundSizeCustomizer> (0x0000000088b3aed8) 
thrown [./open/src/hotspot/share/classfile/systemDictionary.cpp, line 226]
Event: 2.055 Thread 0x000001fe939b5000 Exception <a 'java/lang/NoSuchMethodError'{0x0000000088a2c1f0}: 'void java.lang.invoke.DirectMethodHandle$Holder.invokeStaticInit(java.lang.Object)'> (0x0000000088a2c1f0) 
thrown [./open/src/hotspot/share/interpreter/linkResolver.cpp, line 766]
Event: 2.068 Thread 0x000001fe939b5000 Exception <a 'java/lang/NoSuchMethodError'{0x0000000088a95b20}: 'java.lang.Object java.lang.invoke.Invokers$Holder.linkToTargetMethod(java.lang.Object, int, java.lang.Object)'> (0x0000000088a95b20) 
thrown [./open/src/hotspot/share/interpreter/linkResolver.cpp, line 766]

Events (20 events):
Event: 6.347 loading class sun/net/www/protocol/file/FileURLConnection done
Event: 6.347 loading class sun/net/www/MessageHeader
Event: 6.347 loading class sun/net/www/MessageHeader done
Event: 6.347 loading class sun/net/www/protocol/jar/URLJarFile
Event: 6.348 loading class sun/net/www/protocol/jar/URLJarFile done
Event: 6.348 Executing VM operation: HandshakeOneThread
Event: 6.348 Executing VM operation: HandshakeOneThread done
Event: 6.348 Executing VM operation: HandshakeOneThread
Event: 6.349 Executing VM operation: HandshakeOneThread done
Event: 6.349 Executing VM operation: HandshakeOneThread
Event: 6.349 Executing VM operation: HandshakeOneThread done
Event: 6.349 loading class sun/net/www/protocol/jar/URLJarFile$URLJarFileEntry
Event: 6.349 loading class sun/net/www/protocol/jar/URLJarFile$URLJarFileEntry done
Event: 6.349 loading class sun/net/www/protocol/jar/JarURLConnection$JarURLInputStream
Event: 6.349 loading class sun/net/www/protocol/jar/JarURLConnection$JarURLInputStream done
Event: 6.349 Executing VM operation: HandshakeOneThread
Event: 6.349 Executing VM operation: HandshakeOneThread done
Event: 6.352 loading class java/io/FileOutputStream$1
Event: 6.352 loading class java/io/FileOutputStream$1 done
Event: 6.355 Loaded shared library C:\Users\aisla\.jssc\windows\jSSC-2.8_x86_64.dll


Dynamic libraries:
0x00007ff64f3a0000 - 0x00007ff64f3af000 	C:\Program Files\Java\jdk-14.0.2\bin\javaw.exe
0x00007fff8c570000 - 0x00007fff8c765000 	C:\WINDOWS\SYSTEM32\ntdll.dll
0x00007fff8c460000 - 0x00007fff8c51d000 	C:\WINDOWS\System32\KERNEL32.DLL
0x00007fff8a250000 - 0x00007fff8a519000 	C:\WINDOWS\System32\KERNELBASE.dll
0x00007fff8a150000 - 0x00007fff8a250000 	C:\WINDOWS\System32\ucrtbase.dll
0x00007fff7a320000 - 0x00007fff7a338000 	C:\Program Files\Java\jdk-14.0.2\bin\jli.dll
0x00007fff8a5d0000 - 0x00007fff8a67c000 	C:\WINDOWS\System32\ADVAPI32.dll
0x00007fff8a7c0000 - 0x00007fff8a85e000 	C:\WINDOWS\System32\msvcrt.dll
0x00007fff8c060000 - 0x00007fff8c0fc000 	C:\WINDOWS\System32\sechost.dll
0x00007fff8b580000 - 0x00007fff8b6ab000 	C:\WINDOWS\System32\RPCRT4.dll
0x00007fff8b7e0000 - 0x00007fff8b980000 	C:\WINDOWS\System32\USER32.dll
0x00007fff8a520000 - 0x00007fff8a542000 	C:\WINDOWS\System32\win32u.dll
0x00007fff8a860000 - 0x00007fff8a88a000 	C:\WINDOWS\System32\GDI32.dll
0x00007fff89d10000 - 0x00007fff89e1b000 	C:\WINDOWS\System32\gdi32full.dll
0x00007fff89fb0000 - 0x00007fff8a04d000 	C:\WINDOWS\System32\msvcp_win.dll
0x00007fff718c0000 - 0x00007fff718d5000 	C:\Program Files\Java\jdk-14.0.2\bin\VCRUNTIME140.dll
0x00007fff6c8b0000 - 0x00007fff6cb4a000 	C:\WINDOWS\WinSxS\amd64_microsoft.windows.common-controls_6595b64144ccf1df_6.0.19041.844_none_ca00b6081b84eb1d\COMCTL32.dll
0x00007fff7f040000 - 0x00007fff7f04a000 	C:\WINDOWS\SYSTEM32\VERSION.dll
0x00007fff8bb80000 - 0x00007fff8bbb0000 	C:\WINDOWS\System32\IMM32.DLL
0x00007fff6b880000 - 0x00007fff6b91b000 	C:\Program Files\Java\jdk-14.0.2\bin\msvcp140.dll
0x00007fff45a40000 - 0x00007fff4655e000 	C:\Program Files\Java\jdk-14.0.2\bin\server\jvm.dll
0x00007fff8b980000 - 0x00007fff8b988000 	C:\WINDOWS\System32\PSAPI.DLL
0x00007fff77240000 - 0x00007fff77249000 	C:\WINDOWS\SYSTEM32\WSOCK32.dll
0x00007fff8bf80000 - 0x00007fff8bfeb000 	C:\WINDOWS\System32\WS2_32.dll
0x00007fff7ec60000 - 0x00007fff7ec87000 	C:\WINDOWS\SYSTEM32\WINMM.dll
0x00007fff87bf0000 - 0x00007fff87c02000 	C:\WINDOWS\SYSTEM32\kernel.appcore.dll
0x00007fff7c070000 - 0x00007fff7c07a000 	C:\Program Files\Java\jdk-14.0.2\bin\jimage.dll
0x00007fff79f50000 - 0x00007fff7a134000 	C:\WINDOWS\SYSTEM32\DBGHELP.DLL
0x00007fff77ca0000 - 0x00007fff77ccc000 	C:\WINDOWS\SYSTEM32\dbgcore.DLL
0x00007fff8a550000 - 0x00007fff8a5d0000 	C:\WINDOWS\System32\bcryptPrimitives.dll
0x00007fff71890000 - 0x00007fff718b5000 	C:\Program Files\Java\jdk-14.0.2\bin\java.dll
0x00007fff71870000 - 0x00007fff71886000 	C:\Program Files\Java\jdk-14.0.2\bin\zip.dll
0x00007fff8ad00000 - 0x00007fff8b442000 	C:\WINDOWS\System32\SHELL32.dll
0x00007fff87df0000 - 0x00007fff88580000 	C:\WINDOWS\SYSTEM32\windows.storage.dll
0x00007fff8c100000 - 0x00007fff8c455000 	C:\WINDOWS\System32\combase.dll
0x00007fff89580000 - 0x00007fff895ac000 	C:\WINDOWS\SYSTEM32\Wldp.dll
0x00007fff8b4b0000 - 0x00007fff8b55e000 	C:\WINDOWS\System32\SHCORE.dll
0x00007fff8bf20000 - 0x00007fff8bf75000 	C:\WINDOWS\System32\shlwapi.dll
0x00007fff89bf0000 - 0x00007fff89c0f000 	C:\WINDOWS\SYSTEM32\profapi.dll
0x00007fff71850000 - 0x00007fff71869000 	C:\Program Files\Java\jdk-14.0.2\bin\net.dll
0x00007fff831d0000 - 0x00007fff832dc000 	C:\WINDOWS\SYSTEM32\WINHTTP.dll
0x00007fff89370000 - 0x00007fff893da000 	C:\WINDOWS\system32\mswsock.dll
0x00007fff71830000 - 0x00007fff71842000 	C:\Program Files\Java\jdk-14.0.2\bin\nio.dll
0x00007fff60760000 - 0x00007fff608f9000 	C:\Program Files\Java\jdk-14.0.2\bin\awt.dll
0x00007fff8b990000 - 0x00007fff8ba5d000 	C:\WINDOWS\System32\OLEAUT32.dll
0x00007fff875a0000 - 0x00007fff87630000 	C:\WINDOWS\SYSTEM32\apphelp.dll
0x00007fff87900000 - 0x00007fff8792f000 	C:\WINDOWS\system32\DWMAPI.DLL
0x00007fff87730000 - 0x00007fff877ce000 	C:\WINDOWS\system32\uxtheme.dll
0x00007fff4a710000 - 0x00007fff4a836000 	C:\WINDOWS\system32\opengl32.dll
0x00007fff4a6e0000 - 0x00007fff4a70c000 	C:\WINDOWS\SYSTEM32\GLU32.dll
0x00007fff8ba60000 - 0x00007fff8bb75000 	C:\WINDOWS\System32\MSCTF.dll
0x00007fff8b6b0000 - 0x00007fff8b7da000 	C:\WINDOWS\System32\ole32.dll
0x00007fff7a8a0000 - 0x00007fff7a8b0000 	C:\Program Files\Java\jdk-14.0.2\bin\verify.dll
0x00007fff70810000 - 0x00007fff70892000 	C:\Program Files\Java\jdk-14.0.2\bin\freetype.dll
0x00007fff60e50000 - 0x00007fff60ef6000 	C:\Program Files\Java\jdk-14.0.2\bin\fontmanager.dll
0x00007fff8a680000 - 0x00007fff8a729000 	C:\WINDOWS\System32\clbcatq.dll
0x00007fff84750000 - 0x00007fff84904000 	C:\WINDOWS\SYSTEM32\WindowsCodecs.dll
0x00007fff89f80000 - 0x00007fff89fa7000 	C:\WINDOWS\System32\bcrypt.dll
0x00007fff68a80000 - 0x00007fff68abe000 	C:\WINDOWS\system32\dataexchange.dll
0x00007fff86150000 - 0x00007fff863b4000 	C:\WINDOWS\system32\d3d11.dll
0x00007fff86980000 - 0x00007fff86b67000 	C:\WINDOWS\system32\dcomp.dll
0x00007fff885c0000 - 0x00007fff886b3000 	C:\WINDOWS\system32\dxgi.dll
0x00007fff84a90000 - 0x00007fff84c91000 	C:\WINDOWS\system32\twinapi.appcore.dll
0x00007fff80730000 - 0x00007fff8082b000 	C:\WINDOWS\SYSTEM32\textinputframework.dll
0x00007fff86b70000 - 0x00007fff86ece000 	C:\WINDOWS\System32\CoreUIComponents.dll
0x00007fff87260000 - 0x00007fff87352000 	C:\WINDOWS\System32\CoreMessaging.dll
0x00007fff88990000 - 0x00007fff889c3000 	C:\WINDOWS\SYSTEM32\ntmarta.dll
0x00007fff85b90000 - 0x00007fff85ce4000 	C:\WINDOWS\SYSTEM32\wintypes.dll
0x0000000071100000 - 0x0000000071125000 	C:\Users\aisla\.jssc\windows\jSSC-2.8_x86_64.dll

dbghelp: loaded successfully - version: 4.0.5 - missing functions: none
symbol engine: initialized successfully - sym options: 0x614 - pdb path: .;C:\Program Files\Java\jdk-14.0.2\bin;C:\WINDOWS\SYSTEM32;C:\WINDOWS\WinSxS\amd64_microsoft.windows.common-controls_6595b64144ccf1df_6.0.19041.844_none_ca00b6081b84eb1d;C:\Program Files\Java\jdk-14.0.2\bin\server;C:\Users\aisla\.jssc\windows

VM Arguments:
jvm_args: -Dfile.encoding=Cp1252 -XX:+ShowCodeDetailsInExceptionMessages 
java_command: main.java.principal.Main
java_class_path (initial): C:\Users\aisla\eclipse-workspace\Extrusora\bin;C:\Users\aisla\eclipse-workspace\Extrusora\miglayout15-swing.jar;C:\Users\aisla\eclipse-workspace\Extrusora\src\dependencias\jssc.jar
Launcher Type: SUN_STANDARD

[Global flags]
     intx CICompilerCount                          = 3                                         {product} {ergonomic}
     uint ConcGCThreads                            = 1                                         {product} {ergonomic}
     uint G1ConcRefinementThreads                  = 4                                         {product} {ergonomic}
   size_t G1HeapRegionSize                         = 1048576                                   {product} {ergonomic}
    uintx GCDrainStackTargetSize                   = 64                                        {product} {ergonomic}
   size_t InitialHeapSize                          = 134217728                                 {product} {ergonomic}
   size_t MarkStackSize                            = 4194304                                   {product} {ergonomic}
   size_t MaxHeapSize                              = 2128609280                                {product} {ergonomic}
   size_t MaxNewSize                               = 1277165568                                {product} {ergonomic}
   size_t MinHeapDeltaBytes                        = 1048576                                   {product} {ergonomic}
   size_t MinHeapSize                              = 8388608                                   {product} {ergonomic}
    uintx NonNMethodCodeHeapSize                   = 5832780                                {pd product} {ergonomic}
    uintx NonProfiledCodeHeapSize                  = 122912730                              {pd product} {ergonomic}
    uintx ProfiledCodeHeapSize                     = 122912730                              {pd product} {ergonomic}
    uintx ReservedCodeCacheSize                    = 251658240                              {pd product} {ergonomic}
     bool SegmentedCodeCache                       = true                                      {product} {ergonomic}
     bool ShowCodeDetailsInExceptionMessages       = true                                   {manageable} {command line}
   size_t SoftMaxHeapSize                          = 2128609280                             {manageable} {ergonomic}
     bool UseCompressedClassPointers               = true                                 {lp64_product} {ergonomic}
     bool UseCompressedOops                        = true                                 {lp64_product} {ergonomic}
     bool UseG1GC                                  = true                                      {product} {ergonomic}
     bool UseLargePagesIndividualAllocation        = false                                  {pd product} {ergonomic}

Logging:
Log output configuration:
 #0: stdout all=warning uptime,level,tags
 #1: stderr all=off uptime,level,tags

Environment Variables:
PATH=C:/Users/aisla/.p2/pool/plugins/org.eclipse.justj.openjdk.hotspot.jre.full.win32.x86_64_15.0.1.v20201027-0507/jre/bin/server;C:/Users/aisla/.p2/pool/plugins/org.eclipse.justj.openjdk.hotspot.jre.full.win32.x86_64_15.0.1.v20201027-0507/jre/bin;C:\WINDOWS\system32;C:\WINDOWS;C:\WINDOWS\System32\Wbem;C:\WINDOWS\System32\WindowsPowerShell\v1.0\;C:\WINDOWS\System32\OpenSSH\;C:\Program Files\Git\cmd;C:\Program Files\PuTTY\;C:\Users\aisla\AppData\Local\Microsoft\WindowsApps;;C:\Users\aisla\AppData\Local\Programs\Microsoft VS Code\bin;C:\WINDOWS\system32;
USERNAME=aisla
OS=Windows_NT
PROCESSOR_IDENTIFIER=Intel64 Family 6 Model 37 Stepping 2, GenuineIntel



---------------  S Y S T E M  ---------------

OS: Windows 10 , 64 bit Build 19041 (10.0.19041.804)
OS uptime: 2 days 6:34 hours
HyperV virtualization detected

CPU:total 4 (initial active 4) (2 cores per cpu, 2 threads per core) family 6 model 37 stepping 2, cmov, cx8, fxsr, mmx, sse, sse2, sse3, ssse3, sse4.1, sse4.2, popcnt, ht, tsc, tscinvbit

Memory: 4k page, system-wide physical 8119M (1101M free)
TotalPageFile size 16055M (AvailPageFile size 5529M)
current process WorkingSet (physical memory assigned to process): 69M, peak: 69M
current process commit charge ("private bytes"): 220M, peak: 220M

vm_info: Java HotSpot(TM) 64-Bit Server VM (14.0.2+12-46) for windows-amd64 JRE (14.0.2+12-46), built on Jul  9 2020 00:35:52 by "mach5one" with MS VC++ 15.9 (VS2017)

END.
